TN:
SF:/usr/local/include/gtest/gtest-printers.h
FN:222,_ZN16testing_internal26DefaultPrintNonContainerToIiEEvRKT_PSo
FNDA:0,_ZN16testing_internal26DefaultPrintNonContainerToIiEEvRKT_PSo
FN:275,_ZN7testing8internal19FormatForComparisonIiiE6FormatB5cxx11ERKi
FNDA:0,_ZN7testing8internal19FormatForComparisonIiiE6FormatB5cxx11ERKi
FN:349,_ZN7testing8internal33FormatForComparisonFailureMessageIiiEENSt7__cxx1112basic_stringIcSt11char_traitsIcESaIcEEERKT_RKT0_
FNDA:0,_ZN7testing8internal33FormatForComparisonFailureMessageIiiEENSt7__cxx1112basic_stringIcSt11char_traitsIcESaIcEEERKT_RKT0_
FN:436,_ZN7testing8internal14DefaultPrintToIiEEvcNS0_13bool_constantILb0EEERKT_PSo
FNDA:0,_ZN7testing8internal14DefaultPrintToIiEEvcNS0_13bool_constantILb0EEERKT_PSo
FN:454,_ZN7testing8internal7PrintToIiEEvRKT_PSo
FNDA:0,_ZN7testing8internal7PrintToIiEEvRKT_PSo
FN:698,_ZN7testing8internal16UniversalPrinterIiE5PrintERKiPSo
FNDA:0,_ZN7testing8internal16UniversalPrinterIiE5PrintERKiPSo
FN:783,_ZN7testing8internal21UniversalTersePrinterIiE5PrintERKiPSo
FNDA:0,_ZN7testing8internal21UniversalTersePrinterIiE5PrintERKiPSo
FN:852,_ZN7testing8internal14UniversalPrintIiEEvRKT_PSo
FNDA:0,_ZN7testing8internal14UniversalPrintIiEEvRKT_PSo
FN:980,_ZN7testing13PrintToStringIiEENSt7__cxx1112basic_stringIcSt11char_traitsIcESaIcEEERKT_
FNDA:0,_ZN7testing13PrintToStringIiEENSt7__cxx1112basic_stringIcSt11char_traitsIcESaIcEEERKT_
DA:222,0
DA:249,0
DA:250,0
DA:275,0
DA:276,0
DA:349,0
DA:351,0
DA:436,0
DA:439,0
DA:440,0
DA:454,0
DA:477,0
DA:478,0
DA:698,0
DA:707,0
DA:708,0
DA:783,0
DA:784,0
DA:785,0
DA:852,0
DA:856,0
DA:857,0
DA:980,0
DA:981,0
DA:982,0
DA:983,0
end_of_record
SF:/usr/include/c++/10/ext/type_traits.h
FN:152,_ZN9__gnu_cxx17__is_null_pointerIKcEEbPT_
FNDA:0,_ZN9__gnu_cxx17__is_null_pointerIKcEEbPT_
FN:152,_ZN9__gnu_cxx17__is_null_pointerIcEEbPT_
FNDA:0,_ZN9__gnu_cxx17__is_null_pointerIcEEbPT_
DA:152,0
DA:153,0
DA:152,0
DA:153,0
end_of_record
SF:/usr/local/include/gtest/gtest.h
FN:272,_ZN7testing15AssertionResultC2IbEERKT_PNS_8internal8EnableIfIXntsrNS5_21ImplicitlyConvertibleIS2_S0_EE5valueEE4typeE
FNDA:0,_ZN7testing15AssertionResultC2IbEERKT_PNS_8internal8EnableIfIXntsrNS5_21ImplicitlyConvertibleIS2_S0_EE5valueEE4typeE
FN:288,_ZNK7testing15AssertionResultcvbEv
FNDA:0,_ZNK7testing15AssertionResultcvbEv
FN:297,_ZNK7testing15AssertionResult7messageEv
FNDA:0,_ZNK7testing15AssertionResult7messageEv
FN:302,_ZNK7testing15AssertionResult15failure_messageEv
FNDA:0,_ZNK7testing15AssertionResult15failure_messageEv
FN:389,_ZN7testing4Test13SetUpTestCaseEv
FNDA:1,_ZN7testing4Test13SetUpTestCaseEv
FN:397,_ZN7testing4Test16TearDownTestCaseEv
FNDA:1,_ZN7testing4Test16TearDownTestCaseEv
FN:474,_ZN7testing4Test5SetupEv
FNDA:0,_ZN7testing4Test5SetupEv
FN:1375,_ZN7testing8internal18CmpHelperEQFailureIiiEENS_15AssertionResultEPKcS4_RKT_RKT0_
FNDA:0,_ZN7testing8internal18CmpHelperEQFailureIiiEENS_15AssertionResultEPKcS4_RKT_RKT0_
FN:1387,_ZN7testing8internal11CmpHelperEQIiiEENS_15AssertionResultEPKcS4_RKT_RKT0_
FNDA:2,_ZN7testing8internal11CmpHelperEQIiiEENS_15AssertionResultEPKcS4_RKT_RKT0_
FN:1417,_ZN7testing8internal8EqHelperILb0EE7CompareIiiEENS_15AssertionResultEPKcS6_RKT_RKT0_
FNDA:1,_ZN7testing8internal8EqHelperILb0EE7CompareIiiEENS_15AssertionResultEPKcS6_RKT_RKT0_
FN:1448,_ZN7testing8internal8EqHelperILb1EE7CompareIiiEENS_15AssertionResultEPKcS6_RKT_RKT0_PNS0_8EnableIfIXntsrNS0_10is_pointerISA_EE5valueEE4typeE
FNDA:1,_ZN7testing8internal8EqHelperILb1EE7CompareIiiEENS_15AssertionResultEPKcS6_RKT_RKT0_PNS0_8EnableIfIXntsrNS0_10is_pointerISA_EE5valueEE4typeE
DA:272,0
DA:277,0
DA:288,0
DA:297,0
DA:298,0
DA:302,0
DA:389,1
DA:397,1
DA:474,0
DA:1375,0
DA:1380,0
DA:1381,0
DA:1382,0
DA:1387,2
DA:1392,2
DA:1393,2
DA:1397,0
DA:1417,1
DA:1421,1
DA:1448,1
DA:1459,1
end_of_record
SF:/usr/include/c++/10/bits/basic_string.h
FN:243,_ZNSt7__cxx1112basic_stringIcSt11char_traitsIcESaIcEE16_M_construct_auxIPKcEEvT_S8_St12__false_type
FNDA:0,_ZNSt7__cxx1112basic_stringIcSt11char_traitsIcESaIcEE16_M_construct_auxIPKcEEvT_S8_St12__false_type
FN:243,_ZNSt7__cxx1112basic_stringIcSt11char_traitsIcESaIcEE16_M_construct_auxIPcEEvT_S7_St12__false_type
FNDA:0,_ZNSt7__cxx1112basic_stringIcSt11char_traitsIcESaIcEE16_M_construct_auxIPcEEvT_S7_St12__false_type
FN:263,_ZNSt7__cxx1112basic_stringIcSt11char_traitsIcESaIcEE12_M_constructIPKcEEvT_S8_
FNDA:0,_ZNSt7__cxx1112basic_stringIcSt11char_traitsIcESaIcEE12_M_constructIPKcEEvT_S8_
FN:263,_ZNSt7__cxx1112basic_stringIcSt11char_traitsIcESaIcEE12_M_constructIPcEEvT_S7_
FNDA:0,_ZNSt7__cxx1112basic_stringIcSt11char_traitsIcESaIcEE12_M_constructIPcEEvT_S7_
DA:243,0
DA:247,0
DA:248,0
DA:243,0
DA:247,0
DA:248,0
DA:263,0
DA:266,0
DA:267,0
DA:263,0
DA:266,0
DA:267,0
end_of_record
SF:/usr/local/include/gtest/gtest-message.h
end_of_record
SF:/usr/include/c++/10/ext/alloc_traits.h
FN:153,_ZN9__gnu_cxx14__alloc_traitsISaIcEcE17_S_select_on_copyERKS1_
FNDA:0,_ZN9__gnu_cxx14__alloc_traitsISaIcEcE17_S_select_on_copyERKS1_
DA:153,0
end_of_record
SF:/app/tests/test_error_handler.cc
FN:9,_ZN16ErrorHandlerTest5SetUpEv
FNDA:3,_ZN16ErrorHandlerTest5SetUpEv
FN:10,_ZN16ErrorHandlerTest8TearDownEv
FNDA:3,_ZN16ErrorHandlerTest8TearDownEv
FN:13,_ZN34ErrorHandlerTest_DivideNormal_Test8TestBodyEv
FNDA:1,_ZN34ErrorHandlerTest_DivideNormal_Test8TestBodyEv
FN:13,_ZN34ErrorHandlerTest_DivideNormal_TestC2Ev
FNDA:1,_ZN34ErrorHandlerTest_DivideNormal_TestC2Ev
FN:18,_ZN34ErrorHandlerTest_DivideByZero_Test8TestBodyEv
FNDA:1,_ZN34ErrorHandlerTest_DivideByZero_Test8TestBodyEv
FN:18,_ZN34ErrorHandlerTest_DivideByZero_TestC2Ev
FNDA:1,_ZN34ErrorHandlerTest_DivideByZero_TestC2Ev
FN:23,_ZN43ErrorHandlerTest_DivideThrowsException_Test8TestBodyEv
FNDA:1,_ZN43ErrorHandlerTest_DivideThrowsException_Test8TestBodyEv
FN:23,_ZN43ErrorHandlerTest_DivideThrowsException_TestC2Ev
FNDA:1,_ZN43ErrorHandlerTest_DivideThrowsException_TestC2Ev
DA:9,3
DA:10,3
DA:13,1
DA:14,1
DA:15,1
DA:16,1
DA:13,1
DA:18,1
DA:19,1
DA:20,1
DA:21,1
DA:18,1
DA:23,1
DA:24,1
DA:25,1
DA:26,1
DA:23,1
end_of_record
SF:/usr/include/c++/10/bits/stl_iterator_base_funcs.h
FN:98,_ZSt10__distanceIPKcENSt15iterator_traitsIT_E15difference_typeES3_S3_St26random_access_iterator_tag
FNDA:0,_ZSt10__distanceIPKcENSt15iterator_traitsIT_E15difference_typeES3_S3_St26random_access_iterator_tag
FN:98,_ZSt10__distanceIPcENSt15iterator_traitsIT_E15difference_typeES2_S2_St26random_access_iterator_tag
FNDA:0,_ZSt10__distanceIPcENSt15iterator_traitsIT_E15difference_typeES2_S2_St26random_access_iterator_tag
FN:138,_ZSt8distanceIPKcENSt15iterator_traitsIT_E15difference_typeES3_S3_
FNDA:0,_ZSt8distanceIPKcENSt15iterator_traitsIT_E15difference_typeES3_S3_
FN:138,_ZSt8distanceIPcENSt15iterator_traitsIT_E15difference_typeES2_S2_
FNDA:0,_ZSt8distanceIPcENSt15iterator_traitsIT_E15difference_typeES2_S2_
DA:98,0
DA:104,0
DA:98,0
DA:104,0
DA:138,0
DA:141,0
DA:142,0
DA:138,0
DA:141,0
DA:142,0
end_of_record
SF:/usr/include/c++/10/bits/stl_iterator_base_types.h
FN:238,_ZSt19__iterator_categoryIPKcENSt15iterator_traitsIT_E17iterator_categoryERKS3_
FNDA:0,_ZSt19__iterator_categoryIPKcENSt15iterator_traitsIT_E17iterator_categoryERKS3_
FN:238,_ZSt19__iterator_categoryIPcENSt15iterator_traitsIT_E17iterator_categoryERKS2_
FNDA:0,_ZSt19__iterator_categoryIPcENSt15iterator_traitsIT_E17iterator_categoryERKS2_
DA:238,0
DA:239,0
DA:238,0
DA:239,0
end_of_record
SF:/usr/local/include/gtest/internal/gtest-port.h
FN:1119,_ZN7testing8internal10scoped_ptrINSt7__cxx1112basic_stringIcSt11char_traitsIcESaIcEEEEC2EPS7_
FNDA:0,_ZN7testing8internal10scoped_ptrINSt7__cxx1112basic_stringIcSt11char_traitsIcESaIcEEEEC2EPS7_
FN:1120,_ZN7testing8internal10scoped_ptrINSt7__cxx1112basic_stringIcSt11char_traitsIcESaIcEEEED2Ev
FNDA:0,_ZN7testing8internal10scoped_ptrINSt7__cxx1112basic_stringIcSt11char_traitsIcESaIcEEEED2Ev
FN:1120,_ZN7testing8internal10scoped_ptrINSt7__cxx1118basic_stringstreamIcSt11char_traitsIcESaIcEEEED2Ev
FNDA:0,_ZN7testing8internal10scoped_ptrINSt7__cxx1118basic_stringstreamIcSt11char_traitsIcESaIcEEEED2Ev
FN:1123,_ZNK7testing8internal10scoped_ptrINSt7__cxx1112basic_stringIcSt11char_traitsIcESaIcEEEEptEv
FNDA:0,_ZNK7testing8internal10scoped_ptrINSt7__cxx1112basic_stringIcSt11char_traitsIcESaIcEEEEptEv
FN:1124,_ZNK7testing8internal10scoped_ptrINSt7__cxx1112basic_stringIcSt11char_traitsIcESaIcEEEE3getEv
FNDA:0,_ZNK7testing8internal10scoped_ptrINSt7__cxx1112basic_stringIcSt11char_traitsIcESaIcEEEE3getEv
FN:1132,_ZN7testing8internal10scoped_ptrINSt7__cxx1118basic_stringstreamIcSt11char_traitsIcESaIcEEEE5resetEPS7_
FNDA:0,_ZN7testing8internal10scoped_ptrINSt7__cxx1118basic_stringstreamIcSt11char_traitsIcESaIcEEEE5resetEPS7_
FN:1132,_ZN7testing8internal10scoped_ptrINSt7__cxx1112basic_stringIcSt11char_traitsIcESaIcEEEE5resetEPS7_
FNDA:0,_ZN7testing8internal10scoped_ptrINSt7__cxx1112basic_stringIcSt11char_traitsIcESaIcEEEE5resetEPS7_
DA:1119,0
DA:1120,0
DA:1120,0
DA:1123,0
DA:1124,0
DA:1132,0
DA:1133,0
DA:1134,0
DA:1135,0
DA:1137,0
DA:1139,0
DA:1132,0
DA:1133,0
DA:1134,0
DA:1135,0
DA:1137,0
DA:1139,0
end_of_record
SF:/usr/include/c++/10/iostream
end_of_record
SF:/usr/include/c++/10/bits/basic_string.tcc
FN:206,_ZNSt7__cxx1112basic_stringIcSt11char_traitsIcESaIcEE12_M_constructIPKcEEvT_S8_St20forward_iterator_tag
FNDA:0,_ZNSt7__cxx1112basic_stringIcSt11char_traitsIcESaIcEE12_M_constructIPKcEEvT_S8_St20forward_iterator_tag
FN:206,_ZNSt7__cxx1112basic_stringIcSt11char_traitsIcESaIcEE12_M_constructIPcEEvT_S7_St20forward_iterator_tag
FNDA:0,_ZNSt7__cxx1112basic_stringIcSt11char_traitsIcESaIcEE12_M_constructIPcEEvT_S7_St20forward_iterator_tag
DA:206,0
DA:211,0
DA:212,0
DA:215,0
DA:217,0
DA:219,0
DA:220,0
DA:225,0
DA:226,0
DA:228,0
DA:229,0
DA:232,0
DA:233,0
DA:206,0
DA:211,0
DA:212,0
DA:215,0
DA:217,0
DA:219,0
DA:220,0
DA:225,0
DA:226,0
DA:228,0
DA:229,0
DA:232,0
DA:233,0
end_of_record
SF:/usr/include/c++/10/bits/char_traits.h
FN:358,_ZNSt11char_traitsIcE6lengthEPKc
FNDA:0,_ZNSt11char_traitsIcE6lengthEPKc
DA:358,0
DA:364,0
end_of_record
SF:/usr/include/c++/10/ext/new_allocator.h
FN:79,_ZN9__gnu_cxx13new_allocatorIcEC2Ev
FNDA:0,_ZN9__gnu_cxx13new_allocatorIcEC2Ev
FN:89,_ZN9__gnu_cxx13new_allocatorIcED2Ev
FNDA:0,_ZN9__gnu_cxx13new_allocatorIcED2Ev
DA:79,0
DA:89,0
end_of_record
SF:/usr/local/include/gtest/internal/gtest-internal.h
FN:447,_ZN7testing8internal9GetTypeIdI16ErrorHandlerTestEEPKvv
FNDA:3,_ZN7testing8internal9GetTypeIdI16ErrorHandlerTestEEPKvv
FN:466,_ZN7testing8internal15TestFactoryBaseD0Ev
FNDA:0,_ZN7testing8internal15TestFactoryBaseD0Ev
FN:466,_ZN7testing8internal15TestFactoryBaseD2Ev
FNDA:3,_ZN7testing8internal15TestFactoryBaseD2Ev
FN:473,_ZN7testing8internal15TestFactoryBaseC2Ev
FNDA:3,_ZN7testing8internal15TestFactoryBaseC2Ev
FN:484,_ZN7testing8internal15TestFactoryImplI34ErrorHandlerTest_DivideNormal_TestE10CreateTestEv
FNDA:1,_ZN7testing8internal15TestFactoryImplI34ErrorHandlerTest_DivideNormal_TestE10CreateTestEv
FN:484,_ZN7testing8internal15TestFactoryImplI34ErrorHandlerTest_DivideByZero_TestE10CreateTestEv
FNDA:1,_ZN7testing8internal15TestFactoryImplI34ErrorHandlerTest_DivideByZero_TestE10CreateTestEv
FN:484,_ZN7testing8internal15TestFactoryImplI43ErrorHandlerTest_DivideThrowsException_TestE10CreateTestEv
FNDA:1,_ZN7testing8internal15TestFactoryImplI43ErrorHandlerTest_DivideThrowsException_TestE10CreateTestEv
FN:505,_ZN7testing8internal12CodeLocationC2ERKNSt7__cxx1112basic_stringIcSt11char_traitsIcESaIcEEEi
FNDA:3,_ZN7testing8internal12CodeLocationC2ERKNSt7__cxx1112basic_stringIcSt11char_traitsIcESaIcEEEi
FN:742,_ZN7testing8internal12ConstCharPtrC2EPKc
FNDA:1,_ZN7testing8internal12ConstCharPtrC2EPKc
FN:743,_ZNK7testing8internal12ConstCharPtrcvbEv
FNDA:1,_ZNK7testing8internal12ConstCharPtrcvbEv
FN:940,_ZN7testing8internal15IsContainerTestIiEEcl
FNDA:0,_ZN7testing8internal15IsContainerTestIiEEcl
DA:447,3
DA:452,3
DA:466,0
DA:466,3
DA:473,3
DA:484,1
DA:484,1
DA:484,1
DA:505,3
DA:742,1
DA:743,1
DA:940,0
end_of_record
TN:
SF:/usr/local/include/gtest/internal/gtest-port.h
FN:1120,_ZN7testing8internal10scoped_ptrINSt7__cxx1112basic_stringIcSt11char_traitsIcESaIcEEEED2Ev
FNDA:0,_ZN7testing8internal10scoped_ptrINSt7__cxx1112basic_stringIcSt11char_traitsIcESaIcEEEED2Ev
FN:1120,_ZN7testing8internal10scoped_ptrINSt7__cxx1118basic_stringstreamIcSt11char_traitsIcESaIcEEEED2Ev
FNDA:0,_ZN7testing8internal10scoped_ptrINSt7__cxx1118basic_stringstreamIcSt11char_traitsIcESaIcEEEED2Ev
FN:1123,_ZNK7testing8internal10scoped_ptrINSt7__cxx1112basic_stringIcSt11char_traitsIcESaIcEEEEptEv
FNDA:0,_ZNK7testing8internal10scoped_ptrINSt7__cxx1112basic_stringIcSt11char_traitsIcESaIcEEEEptEv
FN:1124,_ZNK7testing8internal10scoped_ptrINSt7__cxx1112basic_stringIcSt11char_traitsIcESaIcEEEE3getEv
FNDA:0,_ZNK7testing8internal10scoped_ptrINSt7__cxx1112basic_stringIcSt11char_traitsIcESaIcEEEE3getEv
FN:1132,_ZN7testing8internal10scoped_ptrINSt7__cxx1118basic_stringstreamIcSt11char_traitsIcESaIcEEEE5resetEPS7_
FNDA:0,_ZN7testing8internal10scoped_ptrINSt7__cxx1118basic_stringstreamIcSt11char_traitsIcESaIcEEEE5resetEPS7_
FN:1132,_ZN7testing8internal10scoped_ptrINSt7__cxx1112basic_stringIcSt11char_traitsIcESaIcEEEE5resetEPS7_
FNDA:0,_ZN7testing8internal10scoped_ptrINSt7__cxx1112basic_stringIcSt11char_traitsIcESaIcEEEE5resetEPS7_
DA:1120,0
DA:1120,0
DA:1123,0
DA:1124,0
DA:1132,0
DA:1133,0
DA:1134,0
DA:1135,0
DA:1137,0
DA:1139,0
DA:1132,0
DA:1133,0
DA:1134,0
DA:1135,0
DA:1137,0
DA:1139,0
end_of_record
SF:/usr/include/c++/10/new
FN:174,_ZnwmPv
FNDA:0,_ZnwmPv
FN:180,_ZdlPvS_
FNDA:0,_ZdlPvS_
DA:174,0
DA:175,0
DA:180,0
end_of_record
SF:/usr/include/c++/10/iostream
end_of_record
SF:/usr/include/c++/10/bits/stl_construct.h
FN:113,_ZSt10_ConstructI6ResultS0_EvPT_RKT0_
FNDA:3,_ZSt10_ConstructI6ResultS0_EvPT_RKT0_
FN:135,_ZSt8_DestroyI6ResultEvPT_
FNDA:5,_ZSt8_DestroyI6ResultEvPT_
FN:149,_ZNSt12_Destroy_auxILb0EE9__destroyIP6ResultEEvT_S4_
FNDA:4,_ZNSt12_Destroy_auxILb0EE9__destroyIP6ResultEEvT_S4_
FN:171,_ZSt8_DestroyIP6ResultEvT_S2_
FNDA:4,_ZSt8_DestroyIP6ResultEvT_S2_
DA:113,3
DA:117,3
DA:118,3
DA:135,5
DA:140,5
DA:142,5
DA:149,9
DA:151,9
DA:152,5
DA:153,4
DA:171,4
DA:185,4
DA:186,4
end_of_record
SF:/usr/include/c++/10/bits/stl_iterator.h
FN:978,_ZN9__gnu_cxx17__normal_iteratorIP6ResultSt6vectorIS1_SaIS1_EEEC2ERKS2_
FNDA:4,_ZN9__gnu_cxx17__normal_iteratorIP6ResultSt6vectorIS1_SaIS1_EEEC2ERKS2_
FN:978,_ZN9__gnu_cxx17__normal_iteratorIPK6ResultSt6vectorIS1_SaIS1_EEEC2ERKS3_
FNDA:2,_ZN9__gnu_cxx17__normal_iteratorIPK6ResultSt6vectorIS1_SaIS1_EEEC2ERKS3_
FN:993,_ZNK9__gnu_cxx17__normal_iteratorIPK6ResultSt6vectorIS1_SaIS1_EEEdeEv
FNDA:2,_ZNK9__gnu_cxx17__normal_iteratorIPK6ResultSt6vectorIS1_SaIS1_EEEdeEv
FN:1003,_ZN9__gnu_cxx17__normal_iteratorIPK6ResultSt6vectorIS1_SaIS1_EEEppEv
FNDA:2,_ZN9__gnu_cxx17__normal_iteratorIPK6ResultSt6vectorIS1_SaIS1_EEEppEv
FN:1056,_ZNK9__gnu_cxx17__normal_iteratorIPK6ResultSt6vectorIS1_SaIS1_EEE4baseEv
FNDA:6,_ZNK9__gnu_cxx17__normal_iteratorIPK6ResultSt6vectorIS1_SaIS1_EEE4baseEv
FN:1056,_ZNK9__gnu_cxx17__normal_iteratorIP6ResultSt6vectorIS1_SaIS1_EEE4baseEv
FNDA:8,_ZNK9__gnu_cxx17__normal_iteratorIP6ResultSt6vectorIS1_SaIS1_EEE4baseEv
FN:1113,_ZN9__gnu_cxxneIPK6ResultSt6vectorIS1_SaIS1_EEEEbRKNS_17__normal_iteratorIT_T0_EESC_
FNDA:3,_ZN9__gnu_cxxneIPK6ResultSt6vectorIS1_SaIS1_EEEEbRKNS_17__normal_iteratorIT_T0_EESC_
FN:1202,_ZN9__gnu_cxxmiIP6ResultSt6vectorIS1_SaIS1_EEEENS_17__normal_iteratorIT_T0_E15difference_typeERKS9_SC_
FNDA:2,_ZN9__gnu_cxxmiIP6ResultSt6vectorIS1_SaIS1_EEEENS_17__normal_iteratorIT_T0_E15difference_typeERKS9_SC_
DA:978,4
DA:979,4
DA:978,2
DA:979,2
DA:993,2
DA:994,2
DA:1003,2
DA:1005,2
DA:1006,2
DA:1056,6
DA:1057,6
DA:1056,8
DA:1057,8
DA:1113,3
DA:1116,3
DA:1202,2
DA:1205,2
end_of_record
SF:/usr/include/c++/10/bits/stl_iterator_base_types.h
FN:238,_ZSt19__iterator_categoryIPKcENSt15iterator_traitsIT_E17iterator_categoryERKS3_
FNDA:0,_ZSt19__iterator_categoryIPKcENSt15iterator_traitsIT_E17iterator_categoryERKS3_
FN:238,_ZSt19__iterator_categoryIPcENSt15iterator_traitsIT_E17iterator_categoryERKS2_
FNDA:0,_ZSt19__iterator_categoryIPcENSt15iterator_traitsIT_E17iterator_categoryERKS2_
DA:238,0
DA:239,0
DA:238,0
DA:239,0
end_of_record
SF:/app/src/include/result.h
end_of_record
SF:/usr/local/include/gtest/internal/gtest-internal.h
FN:466,_ZN7testing8internal15TestFactoryBaseD0Ev
FNDA:0,_ZN7testing8internal15TestFactoryBaseD0Ev
FN:466,_ZN7testing8internal15TestFactoryBaseD2Ev
FNDA:1,_ZN7testing8internal15TestFactoryBaseD2Ev
FN:473,_ZN7testing8internal15TestFactoryBaseC2Ev
FNDA:1,_ZN7testing8internal15TestFactoryBaseC2Ev
FN:484,_ZN7testing8internal15TestFactoryImplI31DataTest_GetResultsAndSize_TestE10CreateTestEv
FNDA:1,_ZN7testing8internal15TestFactoryImplI31DataTest_GetResultsAndSize_TestE10CreateTestEv
FN:505,_ZN7testing8internal12CodeLocationC2ERKNSt7__cxx1112basic_stringIcSt11char_traitsIcESaIcEEEi
FNDA:1,_ZN7testing8internal12CodeLocationC2ERKNSt7__cxx1112basic_stringIcSt11char_traitsIcESaIcEEEi
FN:940,_ZN7testing8internal15IsContainerTestIiEEcl
FNDA:0,_ZN7testing8internal15IsContainerTestIiEEcl
DA:466,0
DA:466,1
DA:473,1
DA:484,1
DA:505,1
DA:940,0
end_of_record
SF:/app/tests/test_data.cc
FN:4,_ZN31DataTest_GetResultsAndSize_Test8TestBodyEv
FNDA:1,_ZN31DataTest_GetResultsAndSize_Test8TestBodyEv
FN:4,_ZN31DataTest_GetResultsAndSize_TestC2Ev
FNDA:1,_ZN31DataTest_GetResultsAndSize_TestC2Ev
DA:4,1
DA:5,2
DA:6,1
DA:7,1
DA:8,2
DA:9,1
DA:10,1
DA:11,1
DA:12,1
DA:4,1
end_of_record
SF:/usr/include/c++/10/bits/char_traits.h
FN:358,_ZNSt11char_traitsIcE6lengthEPKc
FNDA:0,_ZNSt11char_traitsIcE6lengthEPKc
DA:358,0
DA:364,0
end_of_record
SF:/usr/include/c++/10/bits/stl_algobase.h
FN:230,_ZSt3minImERKT_S2_S2_
FNDA:0,_ZSt3minImERKT_S2_S2_
FN:254,_ZSt3maxImERKT_S2_S2_
FNDA:0,_ZSt3maxImERKT_S2_S2_
DA:230,0
DA:235,0
DA:236,0
DA:237,0
DA:254,0
DA:259,0
DA:260,0
DA:261,0
end_of_record
SF:/usr/include/c++/10/bits/alloc_traits.h
FN:735,_ZSt8_DestroyIP6ResultS0_EvT_S2_RSaIT0_E
FNDA:4,_ZSt8_DestroyIP6ResultS0_EvT_S2_RSaIT0_E
DA:735,4
DA:738,4
DA:739,4
end_of_record
SF:/usr/local/include/gtest/gtest-message.h
end_of_record
SF:/usr/include/c++/10/ext/alloc_traits.h
FN:132,_ZN9__gnu_cxx14__alloc_traitsISaI6ResultES1_E8allocateERS2_m
FNDA:3,_ZN9__gnu_cxx14__alloc_traitsISaI6ResultES1_E8allocateERS2_m
FN:140,_ZN9__gnu_cxx14__alloc_traitsISaI6ResultES1_E10deallocateERS2_PS1_m
FNDA:3,_ZN9__gnu_cxx14__alloc_traitsISaI6ResultES1_E10deallocateERS2_PS1_m
FN:144,_ZN9__gnu_cxx14__alloc_traitsISaI6ResultES1_E9constructIS1_EEvRS2_PS1_RKT_
FNDA:2,_ZN9__gnu_cxx14__alloc_traitsISaI6ResultES1_E9constructIS1_EEvRS2_PS1_RKT_
FN:147,_ZN9__gnu_cxx14__alloc_traitsISaI6ResultES1_E7destroyERS2_PS1_
FNDA:0,_ZN9__gnu_cxx14__alloc_traitsISaI6ResultES1_E7destroyERS2_PS1_
FN:150,_ZN9__gnu_cxx14__alloc_traitsISaI6ResultES1_E8max_sizeERKS2_
FNDA:4,_ZN9__gnu_cxx14__alloc_traitsISaI6ResultES1_E8max_sizeERKS2_
FN:153,_ZN9__gnu_cxx14__alloc_traitsISaI6ResultES1_E17_S_select_on_copyERKS2_
FNDA:1,_ZN9__gnu_cxx14__alloc_traitsISaI6ResultES1_E17_S_select_on_copyERKS2_
FN:153,_ZN9__gnu_cxx14__alloc_traitsISaIcEcE17_S_select_on_copyERKS1_
FNDA:0,_ZN9__gnu_cxx14__alloc_traitsISaIcEcE17_S_select_on_copyERKS1_
DA:132,3
DA:133,3
DA:140,3
DA:141,3
DA:144,2
DA:145,2
DA:147,0
DA:148,0
DA:150,4
DA:151,4
DA:153,1
DA:153,0
end_of_record
SF:/usr/local/include/gtest/gtest.h
FN:288,_ZNK7testing15AssertionResultcvbEv
FNDA:0,_ZNK7testing15AssertionResultcvbEv
FN:297,_ZNK7testing15AssertionResult7messageEv
FNDA:0,_ZNK7testing15AssertionResult7messageEv
FN:302,_ZNK7testing15AssertionResult15failure_messageEv
FNDA:0,_ZNK7testing15AssertionResult15failure_messageEv
FN:389,_ZN7testing4Test13SetUpTestCaseEv
FNDA:1,_ZN7testing4Test13SetUpTestCaseEv
FN:397,_ZN7testing4Test16TearDownTestCaseEv
FNDA:1,_ZN7testing4Test16TearDownTestCaseEv
FN:474,_ZN7testing4Test5SetupEv
FNDA:0,_ZN7testing4Test5SetupEv
FN:1375,_ZN7testing8internal18CmpHelperEQFailureINSt7__cxx1112basic_stringIcSt11char_traitsIcESaIcEEEA6_cEENS_15AssertionResultEPKcSB_RKT_RKT0_
FNDA:0,_ZN7testing8internal18CmpHelperEQFailureINSt7__cxx1112basic_stringIcSt11char_traitsIcESaIcEEEA6_cEENS_15AssertionResultEPKcSB_RKT_RKT0_
FN:1375,_ZN7testing8internal18CmpHelperEQFailureIiiEENS_15AssertionResultEPKcS4_RKT_RKT0_
FNDA:0,_ZN7testing8internal18CmpHelperEQFailureIiiEENS_15AssertionResultEPKcS4_RKT_RKT0_
FN:1387,_ZN7testing8internal11CmpHelperEQINSt7__cxx1112basic_stringIcSt11char_traitsIcESaIcEEEA6_cEENS_15AssertionResultEPKcSB_RKT_RKT0_
FNDA:1,_ZN7testing8internal11CmpHelperEQINSt7__cxx1112basic_stringIcSt11char_traitsIcESaIcEEEA6_cEENS_15AssertionResultEPKcSB_RKT_RKT0_
FN:1387,_ZN7testing8internal11CmpHelperEQIiiEENS_15AssertionResultEPKcS4_RKT_RKT0_
FNDA:2,_ZN7testing8internal11CmpHelperEQIiiEENS_15AssertionResultEPKcS4_RKT_RKT0_
FN:1417,_ZN7testing8internal8EqHelperILb0EE7CompareINSt7__cxx1112basic_stringIcSt11char_traitsIcESaIcEEEA6_cEENS_15AssertionResultEPKcSD_RKT_RKT0_
FNDA:1,_ZN7testing8internal8EqHelperILb0EE7CompareINSt7__cxx1112basic_stringIcSt11char_traitsIcESaIcEEEA6_cEENS_15AssertionResultEPKcSD_RKT_RKT0_
FN:1417,_ZN7testing8internal8EqHelperILb0EE7CompareIiiEENS_15AssertionResultEPKcS6_RKT_RKT0_
FNDA:2,_ZN7testing8internal8EqHelperILb0EE7CompareIiiEENS_15AssertionResultEPKcS6_RKT_RKT0_
DA:288,0
DA:297,0
DA:298,0
DA:302,0
DA:389,1
DA:397,1
DA:474,0
DA:1375,0
DA:1380,0
DA:1381,0
DA:1382,0
DA:1375,0
DA:1380,0
DA:1381,0
DA:1382,0
DA:1387,1
DA:1392,1
DA:1393,1
DA:1397,0
DA:1387,2
DA:1392,2
DA:1393,2
DA:1397,0
DA:1417,1
DA:1421,1
DA:1417,2
DA:1421,2
end_of_record
SF:/usr/include/c++/10/bits/stl_iterator_base_funcs.h
FN:98,_ZSt10__distanceIPKcENSt15iterator_traitsIT_E15difference_typeES3_S3_St26random_access_iterator_tag
FNDA:0,_ZSt10__distanceIPKcENSt15iterator_traitsIT_E15difference_typeES3_S3_St26random_access_iterator_tag
FN:98,_ZSt10__distanceIPcENSt15iterator_traitsIT_E15difference_typeES2_S2_St26random_access_iterator_tag
FNDA:0,_ZSt10__distanceIPcENSt15iterator_traitsIT_E15difference_typeES2_S2_St26random_access_iterator_tag
FN:138,_ZSt8distanceIPKcENSt15iterator_traitsIT_E15difference_typeES3_S3_
FNDA:0,_ZSt8distanceIPKcENSt15iterator_traitsIT_E15difference_typeES3_S3_
FN:138,_ZSt8distanceIPcENSt15iterator_traitsIT_E15difference_typeES2_S2_
FNDA:0,_ZSt8distanceIPcENSt15iterator_traitsIT_E15difference_typeES2_S2_
DA:98,0
DA:104,0
DA:98,0
DA:104,0
DA:138,0
DA:141,0
DA:142,0
DA:138,0
DA:141,0
DA:142,0
end_of_record
SF:/usr/include/c++/10/bits/allocator.h
FN:144,_ZNSaI6ResultEC2Ev
FNDA:1,_ZNSaI6ResultEC2Ev
FN:147,_ZNSaI6ResultEC2ERKS0_
FNDA:1,_ZNSaI6ResultEC2ERKS0_
FN:162,_ZNSaI6ResultED2Ev
FNDA:2,_ZNSaI6ResultED2Ev
DA:144,1
DA:147,1
DA:148,1
DA:162,2
end_of_record
SF:/usr/include/c++/10/bits/stl_uninitialized.h
FN:84,_ZNSt20__uninitialized_copyILb0EE13__uninit_copyIP6ResultS3_EET0_T_S5_S4_
FNDA:4,_ZNSt20__uninitialized_copyILb0EE13__uninit_copyIP6ResultS3_EET0_T_S5_S4_
FN:84,_ZNSt20__uninitialized_copyILb0EE13__uninit_copyIN9__gnu_cxx17__normal_iteratorIPK6ResultSt6vectorIS4_SaIS4_EEEEPS4_EET0_T_SD_SC_
FNDA:1,_ZNSt20__uninitialized_copyILb0EE13__uninit_copyIN9__gnu_cxx17__normal_iteratorIPK6ResultSt6vectorIS4_SaIS4_EEEEPS4_EET0_T_SD_SC_
FN:125,_ZSt18uninitialized_copyIP6ResultS1_ET0_T_S3_S2_
FNDA:4,_ZSt18uninitialized_copyIP6ResultS1_ET0_T_S3_S2_
FN:125,_ZSt18uninitialized_copyIN9__gnu_cxx17__normal_iteratorIPK6ResultSt6vectorIS2_SaIS2_EEEEPS2_ET0_T_SB_SA_
FNDA:1,_ZSt18uninitialized_copyIN9__gnu_cxx17__normal_iteratorIPK6ResultSt6vectorIS2_SaIS2_EEEEPS2_ET0_T_SB_SA_
FN:323,_ZSt22__uninitialized_copy_aIP6ResultS1_S0_ET0_T_S3_S2_RSaIT1_E
FNDA:4,_ZSt22__uninitialized_copy_aIP6ResultS1_S0_ET0_T_S3_S2_RSaIT1_E
FN:323,_ZSt22__uninitialized_copy_aIN9__gnu_cxx17__normal_iteratorIPK6ResultSt6vectorIS2_SaIS2_EEEEPS2_S2_ET0_T_SB_SA_RSaIT1_E
FNDA:1,_ZSt22__uninitialized_copy_aIN9__gnu_cxx17__normal_iteratorIPK6ResultSt6vectorIS2_SaIS2_EEEEPS2_S2_ET0_T_SB_SA_RSaIT1_E
FN:341,_ZSt34__uninitialized_move_if_noexcept_aIP6ResultS1_SaIS0_EET0_T_S4_S3_RT1_
FNDA:4,_ZSt34__uninitialized_move_if_noexcept_aIP6ResultS1_SaIS0_EET0_T_S4_S3_RT1_
DA:84,4
DA:87,4
DA:90,5
DA:91,1
DA:92,4
DA:94,0
DA:96,0
DA:97,0
DA:84,1
DA:87,1
DA:90,3
DA:91,2
DA:92,1
DA:94,0
DA:96,0
DA:97,0
DA:125,4
DA:133,4
DA:150,4
DA:125,1
DA:133,1
DA:150,1
DA:323,4
DA:325,4
DA:323,1
DA:325,1
DA:341,4
DA:347,4
DA:348,4
end_of_record
SF:/usr/include/c++/10/bits/move.h
FN:49,_ZSt11__addressofI6ResultEPT_RS1_
FNDA:8,_ZSt11__addressofI6ResultEPT_RS1_
DA:49,8
DA:50,8
end_of_record
SF:/usr/include/c++/10/bits/vector.tcc
FN:431,_ZNSt6vectorI6ResultSaIS0_EE17_M_realloc_insertEN9__gnu_cxx17__normal_iteratorIPS0_S2_EERKS0_
FNDA:2,_ZNSt6vectorI6ResultSaIS0_EE17_M_realloc_insertEN9__gnu_cxx17__normal_iteratorIPS0_S2_EERKS0_
DA:431,2
DA:436,2
DA:437,2
DA:438,2
DA:439,2
DA:440,2
DA:441,2
DA:449,2
DA:450,2
DA:456,2
DA:474,2
DA:475,2
DA:477,2
DA:481,2
DA:482,2
DA:485,0
DA:487,0
DA:488,0
DA:489,0
DA:491,0
DA:492,0
DA:493,0
DA:498,2
DA:500,2
DA:501,2
DA:502,2
DA:503,2
DA:504,2
DA:505,2
end_of_record
SF:/app/src/include/data.h
FN:9,_ZN4DataC2ERKSt6vectorI6ResultSaIS1_EE
FNDA:1,_ZN4DataC2ERKSt6vectorI6ResultSaIS1_EE
FN:10,_ZNK4Data10getResultsEv
FNDA:2,_ZNK4Data10getResultsEv
FN:11,_ZNK4Data7getSizeEv
FNDA:1,_ZNK4Data7getSizeEv
DA:9,1
DA:10,2
DA:11,1
end_of_record
SF:/usr/include/c++/10/bits/basic_string.tcc
FN:206,_ZNSt7__cxx1112basic_stringIcSt11char_traitsIcESaIcEE12_M_constructIPKcEEvT_S8_St20forward_iterator_tag
FNDA:0,_ZNSt7__cxx1112basic_stringIcSt11char_traitsIcESaIcEE12_M_constructIPKcEEvT_S8_St20forward_iterator_tag
FN:206,_ZNSt7__cxx1112basic_stringIcSt11char_traitsIcESaIcEE12_M_constructIPcEEvT_S7_St20forward_iterator_tag
FNDA:0,_ZNSt7__cxx1112basic_stringIcSt11char_traitsIcESaIcEE12_M_constructIPcEEvT_S7_St20forward_iterator_tag
DA:206,0
DA:211,0
DA:212,0
DA:215,0
DA:217,0
DA:219,0
DA:220,0
DA:225,0
DA:226,0
DA:228,0
DA:229,0
DA:232,0
DA:233,0
DA:206,0
DA:211,0
DA:212,0
DA:215,0
DA:217,0
DA:219,0
DA:220,0
DA:225,0
DA:226,0
DA:228,0
DA:229,0
DA:232,0
DA:233,0
end_of_record
SF:/usr/include/c++/10/ext/new_allocator.h
FN:79,_ZN9__gnu_cxx13new_allocatorI6ResultEC2Ev
FNDA:1,_ZN9__gnu_cxx13new_allocatorI6ResultEC2Ev
FN:79,_ZN9__gnu_cxx13new_allocatorIcEC2Ev
FNDA:0,_ZN9__gnu_cxx13new_allocatorIcEC2Ev
FN:82,_ZN9__gnu_cxx13new_allocatorI6ResultEC2ERKS2_
FNDA:1,_ZN9__gnu_cxx13new_allocatorI6ResultEC2ERKS2_
FN:89,_ZN9__gnu_cxx13new_allocatorI6ResultED2Ev
FNDA:2,_ZN9__gnu_cxx13new_allocatorI6ResultED2Ev
FN:89,_ZN9__gnu_cxx13new_allocatorIcED2Ev
FNDA:0,_ZN9__gnu_cxx13new_allocatorIcED2Ev
FN:103,_ZN9__gnu_cxx13new_allocatorI6ResultE8allocateEmPKv
FNDA:3,_ZN9__gnu_cxx13new_allocatorI6ResultE8allocateEmPKv
FN:120,_ZN9__gnu_cxx13new_allocatorI6ResultE10deallocateEPS1_m
FNDA:3,_ZN9__gnu_cxx13new_allocatorI6ResultE10deallocateEPS1_m
FN:142,_ZNK9__gnu_cxx13new_allocatorI6ResultE8max_sizeEv
FNDA:4,_ZNK9__gnu_cxx13new_allocatorI6ResultE8max_sizeEv
FN:161,_ZN9__gnu_cxx13new_allocatorI6ResultE9constructEPS1_RKS1_
FNDA:2,_ZN9__gnu_cxx13new_allocatorI6ResultE9constructEPS1_RKS1_
FN:165,_ZN9__gnu_cxx13new_allocatorI6ResultE7destroyEPS1_
FNDA:0,_ZN9__gnu_cxx13new_allocatorI6ResultE7destroyEPS1_
FN:185,_ZNK9__gnu_cxx13new_allocatorI6ResultE11_M_max_sizeEv
FNDA:7,_ZNK9__gnu_cxx13new_allocatorI6ResultE11_M_max_sizeEv
DA:79,1
DA:79,0
DA:82,1
DA:89,2
DA:89,0
DA:103,3
DA:105,3
DA:106,0
DA:115,3
DA:120,3
DA:133,3
DA:138,3
DA:142,4
DA:143,4
DA:161,2
DA:162,2
DA:165,0
DA:185,7
DA:188,7
end_of_record
SF:/usr/include/c++/10/bits/stl_vector.h
FN:97,_ZNSt12_Vector_baseI6ResultSaIS0_EE17_Vector_impl_dataC2Ev
FNDA:2,_ZNSt12_Vector_baseI6ResultSaIS0_EE17_Vector_impl_dataC2Ev
FN:131,_ZNSt12_Vector_baseI6ResultSaIS0_EE12_Vector_implC2Ev
FNDA:1,_ZNSt12_Vector_baseI6ResultSaIS0_EE12_Vector_implC2Ev
FN:136,_ZNSt12_Vector_baseI6ResultSaIS0_EE12_Vector_implC2ERKS1_
FNDA:1,_ZNSt12_Vector_baseI6ResultSaIS0_EE12_Vector_implC2ERKS1_
FN:276,_ZNSt12_Vector_baseI6ResultSaIS0_EE19_M_get_Tp_allocatorEv
FNDA:9,_ZNSt12_Vector_baseI6ResultSaIS0_EE19_M_get_Tp_allocatorEv
FN:280,_ZNKSt12_Vector_baseI6ResultSaIS0_EE19_M_get_Tp_allocatorEv
FNDA:5,_ZNKSt12_Vector_baseI6ResultSaIS0_EE19_M_get_Tp_allocatorEv
FN:290,_ZNSt12_Vector_baseI6ResultSaIS0_EEC2Ev
FNDA:1,_ZNSt12_Vector_baseI6ResultSaIS0_EEC2Ev
FN:303,_ZNSt12_Vector_baseI6ResultSaIS0_EEC2EmRKS1_
FNDA:1,_ZNSt12_Vector_baseI6ResultSaIS0_EEC2EmRKS1_
FN:333,_ZNSt12_Vector_baseI6ResultSaIS0_EED2Ev
FNDA:2,_ZNSt12_Vector_baseI6ResultSaIS0_EED2Ev
FN:343,_ZNSt12_Vector_baseI6ResultSaIS0_EE11_M_allocateEm
FNDA:3,_ZNSt12_Vector_baseI6ResultSaIS0_EE11_M_allocateEm
FN:350,_ZNSt12_Vector_baseI6ResultSaIS0_EE13_M_deallocateEPS0_m
FNDA:4,_ZNSt12_Vector_baseI6ResultSaIS0_EE13_M_deallocateEPS0_m
FN:359,_ZNSt12_Vector_baseI6ResultSaIS0_EE17_M_create_storageEm
FNDA:1,_ZNSt12_Vector_baseI6ResultSaIS0_EE17_M_create_storageEm
FN:489,_ZNSt6vectorI6ResultSaIS0_EEC2Ev
FNDA:1,_ZNSt6vectorI6ResultSaIS0_EEC2Ev
FN:553,_ZNSt6vectorI6ResultSaIS0_EEC2ERKS2_
FNDA:1,_ZNSt6vectorI6ResultSaIS0_EEC2ERKS2_
FN:678,_ZNSt6vectorI6ResultSaIS0_EED2Ev
FNDA:2,_ZNSt6vectorI6ResultSaIS0_EED2Ev
FN:811,_ZNSt6vectorI6ResultSaIS0_EE5beginEv
FNDA:2,_ZNSt6vectorI6ResultSaIS0_EE5beginEv
FN:820,_ZNKSt6vectorI6ResultSaIS0_EE5beginEv
FNDA:1,_ZNKSt6vectorI6ResultSaIS0_EE5beginEv
FN:829,_ZNSt6vectorI6ResultSaIS0_EE3endEv
FNDA:2,_ZNSt6vectorI6ResultSaIS0_EE3endEv
FN:838,_ZNKSt6vectorI6ResultSaIS0_EE3endEv
FNDA:1,_ZNKSt6vectorI6ResultSaIS0_EE3endEv
FN:918,_ZNKSt6vectorI6ResultSaIS0_EE4sizeEv
FNDA:10,_ZNKSt6vectorI6ResultSaIS0_EE4sizeEv
FN:923,_ZNKSt6vectorI6ResultSaIS0_EE8max_sizeEv
FNDA:4,_ZNKSt6vectorI6ResultSaIS0_EE8max_sizeEv
FN:1061,_ZNKSt6vectorI6ResultSaIS0_EEixEm
FNDA:2,_ZNKSt6vectorI6ResultSaIS0_EEixEm
FN:1187,_ZNSt6vectorI6ResultSaIS0_EE9push_backERKS0_
FNDA:2,_ZNSt6vectorI6ResultSaIS0_EE9push_backERKS0_
FN:1756,_ZNKSt6vectorI6ResultSaIS0_EE12_M_check_lenEmPKc
FNDA:2,_ZNKSt6vectorI6ResultSaIS0_EE12_M_check_lenEmPKc
FN:1776,_ZNSt6vectorI6ResultSaIS0_EE11_S_max_sizeERKS1_
FNDA:4,_ZNSt6vectorI6ResultSaIS0_EE11_S_max_sizeERKS1_
DA:97,2
DA:98,2
DA:99,2
DA:131,1
DA:133,1
DA:134,1
DA:136,1
DA:137,1
DA:138,1
DA:276,9
DA:277,9
DA:280,5
DA:281,5
DA:290,1
DA:303,1
DA:304,1
DA:305,1
DA:333,2
DA:335,2
DA:336,2
DA:337,2
DA:343,3
DA:346,3
DA:350,4
DA:353,4
DA:354,3
DA:355,4
DA:359,1
DA:361,1
DA:362,1
DA:363,1
DA:364,1
DA:489,1
DA:553,1
DA:555,1
DA:557,1
DA:558,1
DA:560,1
DA:561,1
DA:678,2
DA:680,2
DA:681,2
DA:683,2
DA:811,2
DA:812,2
DA:820,1
DA:821,1
DA:829,2
DA:830,2
DA:838,1
DA:839,1
DA:918,10
DA:919,10
DA:923,4
DA:924,4
DA:1061,2
DA:1064,2
DA:1187,2
DA:1189,2
DA:1192,0
DA:1194,0
DA:1198,2
DA:1199,2
DA:1756,2
DA:1758,2
DA:1759,0
DA:1761,2
DA:1762,2
DA:1776,4
DA:1781,4
DA:1783,4
DA:1784,4
end_of_record
SF:/usr/local/include/gtest/gtest-printers.h
FN:222,_ZN16testing_internal26DefaultPrintNonContainerToIiEEvRKT_PSo
FNDA:0,_ZN16testing_internal26DefaultPrintNonContainerToIiEEvRKT_PSo
FN:275,_ZN7testing8internal19FormatForComparisonIiiE6FormatB5cxx11ERKi
FNDA:0,_ZN7testing8internal19FormatForComparisonIiiE6FormatB5cxx11ERKi
FN:275,_ZN7testing8internal19FormatForComparisonINSt7__cxx1112basic_stringIcSt11char_traitsIcESaIcEEEA6_cE6FormatERKS7_
FNDA:0,_ZN7testing8internal19FormatForComparisonINSt7__cxx1112basic_stringIcSt11char_traitsIcESaIcEEEA6_cE6FormatERKS7_
FN:284,_ZN7testing8internal19FormatForComparisonIA6_cNSt7__cxx1112basic_stringIcSt11char_traitsIcESaIcEEEE6FormatEPKc
FNDA:0,_ZN7testing8internal19FormatForComparisonIA6_cNSt7__cxx1112basic_stringIcSt11char_traitsIcESaIcEEEE6FormatEPKc
FN:321,_ZN7testing8internal19FormatForComparisonIPKcNSt7__cxx1112basic_stringIcSt11char_traitsIcESaIcEEEE6FormatES3_
FNDA:0,_ZN7testing8internal19FormatForComparisonIPKcNSt7__cxx1112basic_stringIcSt11char_traitsIcESaIcEEEE6FormatES3_
FN:349,_ZN7testing8internal33FormatForComparisonFailureMessageIA6_cNSt7__cxx1112basic_stringIcSt11char_traitsIcESaIcEEEEES8_RKT_RKT0_
FNDA:0,_ZN7testing8internal33FormatForComparisonFailureMessageIA6_cNSt7__cxx1112basic_stringIcSt11char_traitsIcESaIcEEEEES8_RKT_RKT0_
FN:349,_ZN7testing8internal33FormatForComparisonFailureMessageINSt7__cxx1112basic_stringIcSt11char_traitsIcESaIcEEEA6_cEES7_RKT_RKT0_
FNDA:0,_ZN7testing8internal33FormatForComparisonFailureMessageINSt7__cxx1112basic_stringIcSt11char_traitsIcESaIcEEEA6_cEES7_RKT_RKT0_
FN:349,_ZN7testing8internal33FormatForComparisonFailureMessageIiiEENSt7__cxx1112basic_stringIcSt11char_traitsIcESaIcEEERKT_RKT0_
FNDA:0,_ZN7testing8internal33FormatForComparisonFailureMessageIiiEENSt7__cxx1112basic_stringIcSt11char_traitsIcESaIcEEERKT_RKT0_
FN:436,_ZN7testing8internal14DefaultPrintToIiEEvcNS0_13bool_constantILb0EEERKT_PSo
FNDA:0,_ZN7testing8internal14DefaultPrintToIiEEvcNS0_13bool_constantILb0EEERKT_PSo
FN:454,_ZN7testing8internal7PrintToIiEEvRKT_PSo
FNDA:0,_ZN7testing8internal7PrintToIiEEvRKT_PSo
FN:565,_ZN7testing8internal7PrintToERKNSt7__cxx1112basic_stringIcSt11char_traitsIcESaIcEEEPSo
FNDA:0,_ZN7testing8internal7PrintToERKNSt7__cxx1112basic_stringIcSt11char_traitsIcESaIcEEEPSo
FN:698,_ZN7testing8internal16UniversalPrinterIiE5PrintERKiPSo
FNDA:0,_ZN7testing8internal16UniversalPrinterIiE5PrintERKiPSo
FN:698,_ZN7testing8internal16UniversalPrinterINSt7__cxx1112basic_stringIcSt11char_traitsIcESaIcEEEE5PrintERKS7_PSo
FNDA:0,_ZN7testing8internal16UniversalPrinterINSt7__cxx1112basic_stringIcSt11char_traitsIcESaIcEEEE5PrintERKS7_PSo
FN:783,_ZN7testing8internal21UniversalTersePrinterINSt7__cxx1112basic_stringIcSt11char_traitsIcESaIcEEEE5PrintERKS7_PSo
FNDA:0,_ZN7testing8internal21UniversalTersePrinterINSt7__cxx1112basic_stringIcSt11char_traitsIcESaIcEEEE5PrintERKS7_PSo
FN:783,_ZN7testing8internal21UniversalTersePrinterIiE5PrintERKiPSo
FNDA:0,_ZN7testing8internal21UniversalTersePrinterIiE5PrintERKiPSo
FN:804,_ZN7testing8internal21UniversalTersePrinterIPKcE5PrintES3_PSo
FNDA:0,_ZN7testing8internal21UniversalTersePrinterIPKcE5PrintES3_PSo
FN:852,_ZN7testing8internal14UniversalPrintIiEEvRKT_PSo
FNDA:0,_ZN7testing8internal14UniversalPrintIiEEvRKT_PSo
FN:852,_ZN7testing8internal14UniversalPrintINSt7__cxx1112basic_stringIcSt11char_traitsIcESaIcEEEEEvRKT_PSo
FNDA:0,_ZN7testing8internal14UniversalPrintINSt7__cxx1112basic_stringIcSt11char_traitsIcESaIcEEEEEvRKT_PSo
FN:980,_ZN7testing13PrintToStringINSt7__cxx1112basic_stringIcSt11char_traitsIcESaIcEEEEES6_RKT_
FNDA:0,_ZN7testing13PrintToStringINSt7__cxx1112basic_stringIcSt11char_traitsIcESaIcEEEEES6_RKT_
FN:980,_ZN7testing13PrintToStringIiEENSt7__cxx1112basic_stringIcSt11char_traitsIcESaIcEEERKT_
FNDA:0,_ZN7testing13PrintToStringIiEENSt7__cxx1112basic_stringIcSt11char_traitsIcESaIcEEERKT_
FN:980,_ZN7testing13PrintToStringIPKcEENSt7__cxx1112basic_stringIcSt11char_traitsIcESaIcEEERKT_
FNDA:0,_ZN7testing13PrintToStringIPKcEENSt7__cxx1112basic_stringIcSt11char_traitsIcESaIcEEERKT_
DA:222,0
DA:249,0
DA:250,0
DA:275,0
DA:276,0
DA:275,0
DA:276,0
DA:284,0
DA:285,0
DA:321,0
DA:349,0
DA:351,0
DA:349,0
DA:351,0
DA:349,0
DA:351,0
DA:436,0
DA:439,0
DA:440,0
DA:454,0
DA:477,0
DA:478,0
DA:565,0
DA:566,0
DA:567,0
DA:698,0
DA:707,0
DA:708,0
DA:698,0
DA:707,0
DA:708,0
DA:783,0
DA:784,0
DA:785,0
DA:783,0
DA:784,0
DA:785,0
DA:804,0
DA:805,0
DA:806,0
DA:808,0
DA:810,0
DA:852,0
DA:856,0
DA:857,0
DA:852,0
DA:856,0
DA:857,0
DA:980,0
DA:981,0
DA:982,0
DA:983,0
DA:980,0
DA:981,0
DA:982,0
DA:983,0
DA:980,0
DA:981,0
DA:982,0
DA:983,0
end_of_record
SF:/usr/include/c++/10/ext/type_traits.h
FN:152,_ZN9__gnu_cxx17__is_null_pointerIKcEEbPT_
FNDA:0,_ZN9__gnu_cxx17__is_null_pointerIKcEEbPT_
FN:152,_ZN9__gnu_cxx17__is_null_pointerIcEEbPT_
FNDA:0,_ZN9__gnu_cxx17__is_null_pointerIcEEbPT_
DA:152,0
DA:153,0
DA:152,0
DA:153,0
end_of_record
SF:/usr/include/c++/10/bits/basic_string.h
FN:243,_ZNSt7__cxx1112basic_stringIcSt11char_traitsIcESaIcEE16_M_construct_auxIPKcEEvT_S8_St12__false_type
FNDA:0,_ZNSt7__cxx1112basic_stringIcSt11char_traitsIcESaIcEE16_M_construct_auxIPKcEEvT_S8_St12__false_type
FN:243,_ZNSt7__cxx1112basic_stringIcSt11char_traitsIcESaIcEE16_M_construct_auxIPcEEvT_S7_St12__false_type
FNDA:0,_ZNSt7__cxx1112basic_stringIcSt11char_traitsIcESaIcEE16_M_construct_auxIPcEEvT_S7_St12__false_type
FN:263,_ZNSt7__cxx1112basic_stringIcSt11char_traitsIcESaIcEE12_M_constructIPKcEEvT_S8_
FNDA:0,_ZNSt7__cxx1112basic_stringIcSt11char_traitsIcESaIcEE12_M_constructIPKcEEvT_S8_
FN:263,_ZNSt7__cxx1112basic_stringIcSt11char_traitsIcESaIcEE12_M_constructIPcEEvT_S7_
FNDA:0,_ZNSt7__cxx1112basic_stringIcSt11char_traitsIcESaIcEE12_M_constructIPcEEvT_S7_
FN:6185,_ZSteqIcSt11char_traitsIcESaIcEEbRKNSt7__cxx1112basic_stringIT_T0_T1_EEPKS5_
FNDA:0,_ZSteqIcSt11char_traitsIcESaIcEEbRKNSt7__cxx1112basic_stringIT_T0_T1_EEPKS5_
DA:243,0
DA:247,0
DA:248,0
DA:243,0
DA:247,0
DA:248,0
DA:263,0
DA:266,0
DA:267,0
DA:263,0
DA:266,0
DA:267,0
DA:525,2
DA:6185,0
DA:6187,0
end_of_record
TN:
SF:/usr/include/c++/10/bits/basic_string.h
FN:243,_ZNSt7__cxx1112basic_stringIcSt11char_traitsIcESaIcEE16_M_construct_auxIPKcEEvT_S8_St12__false_type
FNDA:0,_ZNSt7__cxx1112basic_stringIcSt11char_traitsIcESaIcEE16_M_construct_auxIPKcEEvT_S8_St12__false_type
FN:243,_ZNSt7__cxx1112basic_stringIcSt11char_traitsIcESaIcEE16_M_construct_auxIPcEEvT_S7_St12__false_type
FNDA:0,_ZNSt7__cxx1112basic_stringIcSt11char_traitsIcESaIcEE16_M_construct_auxIPcEEvT_S7_St12__false_type
FN:263,_ZNSt7__cxx1112basic_stringIcSt11char_traitsIcESaIcEE12_M_constructIPKcEEvT_S8_
FNDA:0,_ZNSt7__cxx1112basic_stringIcSt11char_traitsIcESaIcEE12_M_constructIPKcEEvT_S8_
FN:263,_ZNSt7__cxx1112basic_stringIcSt11char_traitsIcESaIcEE12_M_constructIPcEEvT_S7_
FNDA:0,_ZNSt7__cxx1112basic_stringIcSt11char_traitsIcESaIcEE12_M_constructIPcEEvT_S7_
DA:243,0
DA:247,0
DA:248,0
DA:243,0
DA:247,0
DA:248,0
DA:263,0
DA:266,0
DA:267,0
DA:263,0
DA:266,0
DA:267,0
end_of_record
SF:/usr/include/c++/10/ext/type_traits.h
FN:152,_ZN9__gnu_cxx17__is_null_pointerIKcEEbPT_
FNDA:0,_ZN9__gnu_cxx17__is_null_pointerIKcEEbPT_
FN:152,_ZN9__gnu_cxx17__is_null_pointerIcEEbPT_
FNDA:0,_ZN9__gnu_cxx17__is_null_pointerIcEEbPT_
DA:152,0
DA:153,0
DA:152,0
DA:153,0
end_of_record
SF:/usr/local/include/gtest/gtest-printers.h
FN:222,_ZN16testing_internal26DefaultPrintNonContainerToIiEEvRKT_PSo
FNDA:0,_ZN16testing_internal26DefaultPrintNonContainerToIiEEvRKT_PSo
FN:275,_ZN7testing8internal19FormatForComparisonIiiE6FormatB5cxx11ERKi
FNDA:0,_ZN7testing8internal19FormatForComparisonIiiE6FormatB5cxx11ERKi
FN:349,_ZN7testing8internal33FormatForComparisonFailureMessageIiiEENSt7__cxx1112basic_stringIcSt11char_traitsIcESaIcEEERKT_RKT0_
FNDA:0,_ZN7testing8internal33FormatForComparisonFailureMessageIiiEENSt7__cxx1112basic_stringIcSt11char_traitsIcESaIcEEERKT_RKT0_
FN:436,_ZN7testing8internal14DefaultPrintToIiEEvcNS0_13bool_constantILb0EEERKT_PSo
FNDA:0,_ZN7testing8internal14DefaultPrintToIiEEvcNS0_13bool_constantILb0EEERKT_PSo
FN:454,_ZN7testing8internal7PrintToIiEEvRKT_PSo
FNDA:0,_ZN7testing8internal7PrintToIiEEvRKT_PSo
FN:698,_ZN7testing8internal16UniversalPrinterIiE5PrintERKiPSo
FNDA:0,_ZN7testing8internal16UniversalPrinterIiE5PrintERKiPSo
FN:783,_ZN7testing8internal21UniversalTersePrinterIiE5PrintERKiPSo
FNDA:0,_ZN7testing8internal21UniversalTersePrinterIiE5PrintERKiPSo
FN:852,_ZN7testing8internal14UniversalPrintIiEEvRKT_PSo
FNDA:0,_ZN7testing8internal14UniversalPrintIiEEvRKT_PSo
FN:980,_ZN7testing13PrintToStringIiEENSt7__cxx1112basic_stringIcSt11char_traitsIcESaIcEEERKT_
FNDA:0,_ZN7testing13PrintToStringIiEENSt7__cxx1112basic_stringIcSt11char_traitsIcESaIcEEERKT_
DA:222,0
DA:249,0
DA:250,0
DA:275,0
DA:276,0
DA:349,0
DA:351,0
DA:436,0
DA:439,0
DA:440,0
DA:454,0
DA:477,0
DA:478,0
DA:698,0
DA:707,0
DA:708,0
DA:783,0
DA:784,0
DA:785,0
DA:852,0
DA:856,0
DA:857,0
DA:980,0
DA:981,0
DA:982,0
DA:983,0
end_of_record
SF:/app/tests/test_calculator.cc
FN:10,_ZN14CalculatorTestC2Ev
FNDA:3,_ZN14CalculatorTestC2Ev
FN:12,_ZN14CalculatorTest5SetUpEv
FNDA:3,_ZN14CalculatorTest5SetUpEv
FN:13,_ZN14CalculatorTest8TearDownEv
FNDA:3,_ZN14CalculatorTest8TearDownEv
FN:16,_ZN27CalculatorTest_AddTest_Test8TestBodyEv
FNDA:1,_ZN27CalculatorTest_AddTest_Test8TestBodyEv
FN:16,_ZN27CalculatorTest_AddTest_TestC2Ev
FNDA:1,_ZN27CalculatorTest_AddTest_TestC2Ev
FN:21,_ZN32CalculatorTest_MultiplyTest_Test8TestBodyEv
FNDA:1,_ZN32CalculatorTest_MultiplyTest_Test8TestBodyEv
FN:21,_ZN32CalculatorTest_MultiplyTest_TestC2Ev
FNDA:1,_ZN32CalculatorTest_MultiplyTest_TestC2Ev
FN:26,_ZN34CalculatorTest_LastResultTest_Test8TestBodyEv
FNDA:1,_ZN34CalculatorTest_LastResultTest_Test8TestBodyEv
FN:26,_ZN34CalculatorTest_LastResultTest_TestC2Ev
FNDA:1,_ZN34CalculatorTest_LastResultTest_TestC2Ev
DA:10,3
DA:12,3
DA:13,3
DA:16,1
DA:17,1
DA:18,1
DA:19,1
DA:16,1
DA:21,1
DA:22,1
DA:23,1
DA:24,1
DA:21,1
DA:26,1
DA:27,1
DA:28,1
DA:29,1
DA:30,1
DA:31,1
DA:26,1
end_of_record
SF:/usr/include/c++/10/ext/new_allocator.h
FN:79,_ZN9__gnu_cxx13new_allocatorIcEC2Ev
FNDA:0,_ZN9__gnu_cxx13new_allocatorIcEC2Ev
FN:89,_ZN9__gnu_cxx13new_allocatorIcED2Ev
FNDA:0,_ZN9__gnu_cxx13new_allocatorIcED2Ev
DA:79,0
DA:89,0
end_of_record
SF:/usr/include/c++/10/bits/basic_string.tcc
FN:206,_ZNSt7__cxx1112basic_stringIcSt11char_traitsIcESaIcEE12_M_constructIPKcEEvT_S8_St20forward_iterator_tag
FNDA:0,_ZNSt7__cxx1112basic_stringIcSt11char_traitsIcESaIcEE12_M_constructIPKcEEvT_S8_St20forward_iterator_tag
FN:206,_ZNSt7__cxx1112basic_stringIcSt11char_traitsIcESaIcEE12_M_constructIPcEEvT_S7_St20forward_iterator_tag
FNDA:0,_ZNSt7__cxx1112basic_stringIcSt11char_traitsIcESaIcEE12_M_constructIPcEEvT_S7_St20forward_iterator_tag
DA:206,0
DA:211,0
DA:212,0
DA:215,0
DA:217,0
DA:219,0
DA:220,0
DA:225,0
DA:226,0
DA:228,0
DA:229,0
DA:232,0
DA:233,0
DA:206,0
DA:211,0
DA:212,0
DA:215,0
DA:217,0
DA:219,0
DA:220,0
DA:225,0
DA:226,0
DA:228,0
DA:229,0
DA:232,0
DA:233,0
end_of_record
SF:/usr/include/c++/10/ext/alloc_traits.h
FN:153,_ZN9__gnu_cxx14__alloc_traitsISaIcEcE17_S_select_on_copyERKS1_
FNDA:0,_ZN9__gnu_cxx14__alloc_traitsISaIcEcE17_S_select_on_copyERKS1_
DA:153,0
end_of_record
SF:/usr/local/include/gtest/gtest-message.h
end_of_record
SF:/usr/local/include/gtest/gtest.h
FN:288,_ZNK7testing15AssertionResultcvbEv
FNDA:0,_ZNK7testing15AssertionResultcvbEv
FN:297,_ZNK7testing15AssertionResult7messageEv
FNDA:0,_ZNK7testing15AssertionResult7messageEv
FN:302,_ZNK7testing15AssertionResult15failure_messageEv
FNDA:0,_ZNK7testing15AssertionResult15failure_messageEv
FN:389,_ZN7testing4Test13SetUpTestCaseEv
FNDA:1,_ZN7testing4Test13SetUpTestCaseEv
FN:397,_ZN7testing4Test16TearDownTestCaseEv
FNDA:1,_ZN7testing4Test16TearDownTestCaseEv
FN:474,_ZN7testing4Test5SetupEv
FNDA:0,_ZN7testing4Test5SetupEv
FN:1375,_ZN7testing8internal18CmpHelperEQFailureIiiEENS_15AssertionResultEPKcS4_RKT_RKT0_
FNDA:0,_ZN7testing8internal18CmpHelperEQFailureIiiEENS_15AssertionResultEPKcS4_RKT_RKT0_
FN:1387,_ZN7testing8internal11CmpHelperEQIiiEENS_15AssertionResultEPKcS4_RKT_RKT0_
FNDA:6,_ZN7testing8internal11CmpHelperEQIiiEENS_15AssertionResultEPKcS4_RKT_RKT0_
FN:1417,_ZN7testing8internal8EqHelperILb0EE7CompareIiiEENS_15AssertionResultEPKcS6_RKT_RKT0_
FNDA:4,_ZN7testing8internal8EqHelperILb0EE7CompareIiiEENS_15AssertionResultEPKcS6_RKT_RKT0_
FN:1448,_ZN7testing8internal8EqHelperILb1EE7CompareIiiEENS_15AssertionResultEPKcS6_RKT_RKT0_PNS0_8EnableIfIXntsrNS0_10is_pointerISA_EE5valueEE4typeE
FNDA:2,_ZN7testing8internal8EqHelperILb1EE7CompareIiiEENS_15AssertionResultEPKcS6_RKT_RKT0_PNS0_8EnableIfIXntsrNS0_10is_pointerISA_EE5valueEE4typeE
DA:288,0
DA:297,0
DA:298,0
DA:302,0
DA:389,1
DA:397,1
DA:474,0
DA:1375,0
DA:1380,0
DA:1381,0
DA:1382,0
DA:1387,6
DA:1392,6
DA:1393,6
DA:1397,0
DA:1417,4
DA:1421,4
DA:1448,2
DA:1459,2
end_of_record
SF:/usr/include/c++/10/bits/stl_iterator_base_funcs.h
FN:98,_ZSt10__distanceIPKcENSt15iterator_traitsIT_E15difference_typeES3_S3_St26random_access_iterator_tag
FNDA:0,_ZSt10__distanceIPKcENSt15iterator_traitsIT_E15difference_typeES3_S3_St26random_access_iterator_tag
FN:98,_ZSt10__distanceIPcENSt15iterator_traitsIT_E15difference_typeES2_S2_St26random_access_iterator_tag
FNDA:0,_ZSt10__distanceIPcENSt15iterator_traitsIT_E15difference_typeES2_S2_St26random_access_iterator_tag
FN:138,_ZSt8distanceIPKcENSt15iterator_traitsIT_E15difference_typeES3_S3_
FNDA:0,_ZSt8distanceIPKcENSt15iterator_traitsIT_E15difference_typeES3_S3_
FN:138,_ZSt8distanceIPcENSt15iterator_traitsIT_E15difference_typeES2_S2_
FNDA:0,_ZSt8distanceIPcENSt15iterator_traitsIT_E15difference_typeES2_S2_
DA:98,0
DA:104,0
DA:98,0
DA:104,0
DA:138,0
DA:141,0
DA:142,0
DA:138,0
DA:141,0
DA:142,0
end_of_record
SF:/app/src/include/logger.h
FN:6,_ZN6LoggerC2Ev
FNDA:3,_ZN6LoggerC2Ev
FN:7,_ZN6LoggerD0Ev
FNDA:0,_ZN6LoggerD0Ev
FN:7,_ZN6LoggerD2Ev
FNDA:3,_ZN6LoggerD2Ev
DA:6,3
DA:7,0
DA:7,3
end_of_record
SF:/usr/include/c++/10/iostream
end_of_record
SF:/usr/local/include/gtest/internal/gtest-port.h
FN:1120,_ZN7testing8internal10scoped_ptrINSt7__cxx1112basic_stringIcSt11char_traitsIcESaIcEEEED2Ev
FNDA:0,_ZN7testing8internal10scoped_ptrINSt7__cxx1112basic_stringIcSt11char_traitsIcESaIcEEEED2Ev
FN:1120,_ZN7testing8internal10scoped_ptrINSt7__cxx1118basic_stringstreamIcSt11char_traitsIcESaIcEEEED2Ev
FNDA:0,_ZN7testing8internal10scoped_ptrINSt7__cxx1118basic_stringstreamIcSt11char_traitsIcESaIcEEEED2Ev
FN:1123,_ZNK7testing8internal10scoped_ptrINSt7__cxx1112basic_stringIcSt11char_traitsIcESaIcEEEEptEv
FNDA:0,_ZNK7testing8internal10scoped_ptrINSt7__cxx1112basic_stringIcSt11char_traitsIcESaIcEEEEptEv
FN:1124,_ZNK7testing8internal10scoped_ptrINSt7__cxx1112basic_stringIcSt11char_traitsIcESaIcEEEE3getEv
FNDA:0,_ZNK7testing8internal10scoped_ptrINSt7__cxx1112basic_stringIcSt11char_traitsIcESaIcEEEE3getEv
FN:1132,_ZN7testing8internal10scoped_ptrINSt7__cxx1118basic_stringstreamIcSt11char_traitsIcESaIcEEEE5resetEPS7_
FNDA:0,_ZN7testing8internal10scoped_ptrINSt7__cxx1118basic_stringstreamIcSt11char_traitsIcESaIcEEEE5resetEPS7_
FN:1132,_ZN7testing8internal10scoped_ptrINSt7__cxx1112basic_stringIcSt11char_traitsIcESaIcEEEE5resetEPS7_
FNDA:0,_ZN7testing8internal10scoped_ptrINSt7__cxx1112basic_stringIcSt11char_traitsIcESaIcEEEE5resetEPS7_
DA:1120,0
DA:1120,0
DA:1123,0
DA:1124,0
DA:1132,0
DA:1133,0
DA:1134,0
DA:1135,0
DA:1137,0
DA:1139,0
DA:1132,0
DA:1133,0
DA:1134,0
DA:1135,0
DA:1137,0
DA:1139,0
end_of_record
SF:/usr/include/c++/10/bits/stl_iterator_base_types.h
FN:238,_ZSt19__iterator_categoryIPKcENSt15iterator_traitsIT_E17iterator_categoryERKS3_
FNDA:0,_ZSt19__iterator_categoryIPKcENSt15iterator_traitsIT_E17iterator_categoryERKS3_
FN:238,_ZSt19__iterator_categoryIPcENSt15iterator_traitsIT_E17iterator_categoryERKS2_
FNDA:0,_ZSt19__iterator_categoryIPcENSt15iterator_traitsIT_E17iterator_categoryERKS2_
DA:238,0
DA:239,0
DA:238,0
DA:239,0
end_of_record
SF:/usr/local/include/gtest/internal/gtest-internal.h
FN:447,_ZN7testing8internal9GetTypeIdI14CalculatorTestEEPKvv
FNDA:3,_ZN7testing8internal9GetTypeIdI14CalculatorTestEEPKvv
FN:466,_ZN7testing8internal15TestFactoryBaseD0Ev
FNDA:0,_ZN7testing8internal15TestFactoryBaseD0Ev
FN:466,_ZN7testing8internal15TestFactoryBaseD2Ev
FNDA:3,_ZN7testing8internal15TestFactoryBaseD2Ev
FN:473,_ZN7testing8internal15TestFactoryBaseC2Ev
FNDA:3,_ZN7testing8internal15TestFactoryBaseC2Ev
FN:484,_ZN7testing8internal15TestFactoryImplI27CalculatorTest_AddTest_TestE10CreateTestEv
FNDA:1,_ZN7testing8internal15TestFactoryImplI27CalculatorTest_AddTest_TestE10CreateTestEv
FN:484,_ZN7testing8internal15TestFactoryImplI32CalculatorTest_MultiplyTest_TestE10CreateTestEv
FNDA:1,_ZN7testing8internal15TestFactoryImplI32CalculatorTest_MultiplyTest_TestE10CreateTestEv
FN:484,_ZN7testing8internal15TestFactoryImplI34CalculatorTest_LastResultTest_TestE10CreateTestEv
FNDA:1,_ZN7testing8internal15TestFactoryImplI34CalculatorTest_LastResultTest_TestE10CreateTestEv
FN:505,_ZN7testing8internal12CodeLocationC2ERKNSt7__cxx1112basic_stringIcSt11char_traitsIcESaIcEEEi
FNDA:3,_ZN7testing8internal12CodeLocationC2ERKNSt7__cxx1112basic_stringIcSt11char_traitsIcESaIcEEEi
FN:940,_ZN7testing8internal15IsContainerTestIiEEcl
FNDA:0,_ZN7testing8internal15IsContainerTestIiEEcl
DA:447,3
DA:452,3
DA:466,0
DA:466,3
DA:473,3
DA:484,1
DA:484,1
DA:484,1
DA:505,3
DA:940,0
end_of_record
SF:/usr/include/c++/10/bits/char_traits.h
FN:358,_ZNSt11char_traitsIcE6lengthEPKc
FNDA:0,_ZNSt11char_traitsIcE6lengthEPKc
DA:358,0
DA:364,0
end_of_record
TN:
SF:/usr/include/c++/10/ext/type_traits.h
FN:152,_ZN9__gnu_cxx17__is_null_pointerIKcEEbPT_
FNDA:0,_ZN9__gnu_cxx17__is_null_pointerIKcEEbPT_
DA:152,0
DA:153,0
end_of_record
SF:/usr/include/c++/10/bits/basic_string.h
FN:243,_ZNSt7__cxx1112basic_stringIcSt11char_traitsIcESaIcEE16_M_construct_auxIPKcEEvT_S8_St12__false_type
FNDA:0,_ZNSt7__cxx1112basic_stringIcSt11char_traitsIcESaIcEE16_M_construct_auxIPKcEEvT_S8_St12__false_type
FN:263,_ZNSt7__cxx1112basic_stringIcSt11char_traitsIcESaIcEE12_M_constructIPKcEEvT_S8_
FNDA:0,_ZNSt7__cxx1112basic_stringIcSt11char_traitsIcESaIcEE12_M_constructIPKcEEvT_S8_
DA:243,0
DA:247,0
DA:248,0
DA:263,0
DA:266,0
DA:267,0
DA:525,1
end_of_record
SF:/usr/include/c++/10/bits/basic_string.tcc
FN:206,_ZNSt7__cxx1112basic_stringIcSt11char_traitsIcESaIcEE12_M_constructIPKcEEvT_S8_St20forward_iterator_tag
FNDA:0,_ZNSt7__cxx1112basic_stringIcSt11char_traitsIcESaIcEE12_M_constructIPKcEEvT_S8_St20forward_iterator_tag
DA:206,0
DA:211,0
DA:212,0
DA:215,0
DA:217,0
DA:219,0
DA:220,0
DA:225,0
DA:226,0
DA:228,0
DA:229,0
DA:232,0
DA:233,0
end_of_record
SF:/usr/include/c++/10/ext/new_allocator.h
FN:79,_ZN9__gnu_cxx13new_allocatorIcEC2Ev
FNDA:0,_ZN9__gnu_cxx13new_allocatorIcEC2Ev
FN:89,_ZN9__gnu_cxx13new_allocatorIcED2Ev
FNDA:0,_ZN9__gnu_cxx13new_allocatorIcED2Ev
DA:79,0
DA:89,0
end_of_record
SF:/app/src/main/error_handler.cc
FN:3,_ZN12ErrorHandlerC2Ev
FNDA:3,_ZN12ErrorHandlerC2Ev
FN:5,_ZN12ErrorHandler6divideEii
FNDA:2,_ZN12ErrorHandler6divideEii
FN:12,_ZN12ErrorHandler11divide_safeEiiPb
FNDA:2,_ZN12ErrorHandler11divide_safeEiiPb
DA:3,3
DA:5,2
DA:6,2
DA:7,1
DA:9,1
DA:12,2
DA:13,2
DA:14,2
DA:15,1
DA:17,1
end_of_record
SF:/usr/include/c++/10/bits/stl_iterator_base_funcs.h
FN:98,_ZSt10__distanceIPKcENSt15iterator_traitsIT_E15difference_typeES3_S3_St26random_access_iterator_tag
FNDA:0,_ZSt10__distanceIPKcENSt15iterator_traitsIT_E15difference_typeES3_S3_St26random_access_iterator_tag
FN:138,_ZSt8distanceIPKcENSt15iterator_traitsIT_E15difference_typeES3_S3_
FNDA:0,_ZSt8distanceIPKcENSt15iterator_traitsIT_E15difference_typeES3_S3_
DA:98,0
DA:104,0
DA:138,0
DA:141,0
DA:142,0
end_of_record
SF:/usr/include/c++/10/bits/stl_iterator_base_types.h
FN:238,_ZSt19__iterator_categoryIPKcENSt15iterator_traitsIT_E17iterator_categoryERKS3_
FNDA:0,_ZSt19__iterator_categoryIPKcENSt15iterator_traitsIT_E17iterator_categoryERKS3_
DA:238,0
DA:239,0
end_of_record
SF:/usr/include/c++/10/bits/char_traits.h
FN:358,_ZNSt11char_traitsIcE6lengthEPKc
FNDA:0,_ZNSt11char_traitsIcE6lengthEPKc
DA:358,0
DA:364,0
end_of_record
TN:
SF:/app/src/main/calculator.cc
FN:5,_ZN10CalculatorC2EP6Logger
FNDA:0,_ZN10CalculatorC2EP6Logger
FN:12,_ZN10Calculator3addEii
FNDA:0,_ZN10Calculator3addEii
FN:20,_ZN10Calculator8multiplyEii
FNDA:0,_ZN10Calculator8multiplyEii
FN:28,_ZNK10Calculator15get_last_resultEv
FNDA:0,_ZNK10Calculator15get_last_resultEv
DA:5,0
DA:12,0
DA:13,0
DA:15,0
DA:16,0
DA:17,0
DA:20,0
DA:21,0
DA:23,0
DA:24,0
DA:25,0
DA:28,0
DA:29,0
end_of_record
TN:
SF:/app/src/main/logger.cc
FN:4,_ZN6Logger3logEPKc
FNDA:0,_ZN6Logger3logEPKc
FN:9,_ZNK6Logger12get_last_logEv
FNDA:0,_ZNK6Logger12get_last_logEv
DA:4,0
DA:5,0
DA:6,0
DA:7,0
DA:9,0
DA:10,0
end_of_record
SF:/app/src/include/logger.h
FN:7,_ZN6LoggerD0Ev
FNDA:0,_ZN6LoggerD0Ev
FN:7,_ZN6LoggerD2Ev
FNDA:0,_ZN6LoggerD2Ev
DA:7,0
DA:7,0
end_of_record
