TN:
SF:/app/src/include/data.h
FN:9,_ZN4DataC2ERKSt6vectorI6ResultSaIS1_EE
FN:10,_ZNK4Data10getResultsEv
FN:11,_ZNK4Data7getSizeEv
FNDA:4,_ZNK4Data7getSizeEv
FNDA:4,_ZN4DataC2ERKSt6vectorI6ResultSaIS1_EE
FNDA:8,_ZNK4Data10getResultsEv
FNF:3
FNH:3
DA:9,4
DA:10,8
DA:11,4
LF:3
LH:3
end_of_record
TN:
SF:/app/src/include/logger.h
FN:6,_ZN6LoggerC2Ev
FN:7,_ZN6LoggerD2Ev
FN:7,_ZN6LoggerD0Ev
FNDA:20,_ZN6LoggerC2Ev
FNDA:20,_ZN6LoggerD2Ev
FNDA:0,_ZN6LoggerD0Ev
FNF:3
FNH:2
DA:6,20
DA:7,20
LF:2
LH:2
end_of_record
TN:
SF:/app/src/main/calculator.cc
FN:5,_ZN10CalculatorC2EP6Logger
FN:12,_ZN10Calculator3addEii
FN:20,_ZN10Calculator8multiplyEii
FN:28,_ZNK10Calculator15get_last_resultEv
FNDA:0,_ZNK10Calculator15get_last_resultEv
FNDA:1,_ZN10Calculator8multiplyEii
FNDA:2,_ZN10CalculatorC2EP6Logger
FNDA:1,_ZN10Calculator3addEii
FNF:4
FNH:3
DA:5,2
DA:12,1
DA:13,1
DA:15,1
DA:16,1
DA:17,1
DA:20,1
DA:21,1
DA:23,1
DA:24,1
DA:25,1
DA:28,0
DA:29,0
LF:13
LH:11
end_of_record
TN:
SF:/app/src/main/error_handler.cc
FN:3,_ZN12ErrorHandlerC2Ev
FN:5,_ZN12ErrorHandler6divideEii
FN:12,_ZN12ErrorHandler11divide_safeEiiPb
FNDA:0,_ZN12ErrorHandlerC2Ev
FNDA:0,_ZN12ErrorHandler6divideEii
FNDA:0,_ZN12ErrorHandler11divide_safeEiiPb
FNF:3
FNH:0
DA:3,0
DA:5,0
DA:6,0
DA:7,0
DA:9,0
DA:12,0
DA:13,0
DA:14,0
DA:15,0
DA:17,0
LF:10
LH:0
end_of_record
TN:
SF:/app/src/main/logger.cc
FN:4,_ZN6Logger3logEPKc
FN:9,_ZNK6Logger12get_last_logEv
FNDA:2,_ZN6Logger3logEPKc
FNDA:2,_ZNK6Logger12get_last_logEv
FNF:2
FNH:2
DA:4,2
DA:5,2
DA:6,2
DA:7,2
DA:9,2
DA:10,2
LF:6
LH:6
end_of_record
TN:
SF:/app/tests/test_calculator.cc
FN:10,_ZN14CalculatorTestC2Ev
FN:12,_ZN14CalculatorTest5SetUpEv
FN:13,_ZN14CalculatorTest8TearDownEv
FN:16,_ZN27CalculatorTest_AddTest_Test8TestBodyEv
FN:16,_ZN27CalculatorTest_AddTest_TestC2Ev
FN:21,_ZN32CalculatorTest_MultiplyTest_TestC2Ev
FN:21,_ZN32CalculatorTest_MultiplyTest_Test8TestBodyEv
FN:26,_ZN34CalculatorTest_LastResultTest_TestC2Ev
FN:26,_ZN34CalculatorTest_LastResultTest_Test8TestBodyEv
FNDA:4,_ZN32CalculatorTest_MultiplyTest_TestC2Ev
FNDA:12,_ZN14CalculatorTestC2Ev
FNDA:4,_ZN27CalculatorTest_AddTest_Test8TestBodyEv
FNDA:4,_ZN34CalculatorTest_LastResultTest_TestC2Ev
FNDA:12,_ZN14CalculatorTest5SetUpEv
FNDA:12,_ZN14CalculatorTest8TearDownEv
FNDA:4,_ZN32CalculatorTest_MultiplyTest_Test8TestBodyEv
FNDA:4,_ZN27CalculatorTest_AddTest_TestC2Ev
FNDA:4,_ZN34CalculatorTest_LastResultTest_Test8TestBodyEv
FNF:9
FNH:9
DA:10,12
DA:12,12
DA:13,12
DA:16,8
DA:17,4
DA:18,4
DA:19,4
DA:21,8
DA:22,4
DA:23,4
DA:24,4
DA:26,8
DA:27,4
DA:28,4
DA:29,4
DA:30,4
DA:31,4
LF:17
LH:17
end_of_record
TN:
SF:/app/tests/test_data.cc
FN:4,_ZN31DataTest_GetResultsAndSize_Test8TestBodyEv
FN:4,_ZN31DataTest_GetResultsAndSize_TestC2Ev
FNDA:4,_ZN31DataTest_GetResultsAndSize_TestC2Ev
FNDA:4,_ZN31DataTest_GetResultsAndSize_Test8TestBodyEv
FNF:2
FNH:2
DA:4,8
DA:5,8
DA:6,4
DA:7,4
DA:8,8
DA:9,4
DA:10,4
DA:11,4
DA:12,4
LF:9
LH:9
end_of_record
TN:
SF:/app/tests/test_error_handler.cc
FN:9,_ZN16ErrorHandlerTest5SetUpEv
FN:10,_ZN16ErrorHandlerTest8TearDownEv
FN:13,_ZN34ErrorHandlerTest_DivideNormal_TestC2Ev
FN:13,_ZN34ErrorHandlerTest_DivideNormal_Test8TestBodyEv
FN:18,_ZN34ErrorHandlerTest_DivideByZero_Test8TestBodyEv
FN:18,_ZN34ErrorHandlerTest_DivideByZero_TestC2Ev
FN:23,_ZN43ErrorHandlerTest_DivideThrowsException_Test8TestBodyEv
FN:23,_ZN43ErrorHandlerTest_DivideThrowsException_TestC2Ev
FNDA:4,_ZN43ErrorHandlerTest_DivideThrowsException_TestC2Ev
FNDA:12,_ZN16ErrorHandlerTest5SetUpEv
FNDA:4,_ZN43ErrorHandlerTest_DivideThrowsException_Test8TestBodyEv
FNDA:4,_ZN34ErrorHandlerTest_DivideNormal_TestC2Ev
FNDA:4,_ZN34ErrorHandlerTest_DivideByZero_Test8TestBodyEv
FNDA:12,_ZN16ErrorHandlerTest8TearDownEv
FNDA:4,_ZN34ErrorHandlerTest_DivideByZero_TestC2Ev
FNDA:4,_ZN34ErrorHandlerTest_DivideNormal_Test8TestBodyEv
FNF:8
FNH:8
DA:9,12
DA:10,12
DA:13,8
DA:14,4
DA:15,4
DA:16,4
DA:18,8
DA:19,4
DA:20,4
DA:21,4
DA:23,8
DA:24,4
DA:25,4
DA:26,4
LF:14
LH:14
end_of_record
TN:
SF:/app/tests/test_logger.cc
FN:10,_ZN14DependencyTestC2Ev
FN:11,_ZN14DependencyTest5SetUpEv
FN:12,_ZN14DependencyTest8TearDownEv
FN:15,_ZN37DependencyTest_CalculatorLogsAdd_TestC2Ev
FN:15,_ZN37DependencyTest_CalculatorLogsAdd_Test8TestBodyEv
FN:20,_ZN42DependencyTest_CalculatorLogsMultiply_Test8TestBodyEv
FN:20,_ZN42DependencyTest_CalculatorLogsMultiply_TestC2Ev
FNDA:4,_ZN42DependencyTest_CalculatorLogsMultiply_Test8TestBodyEv
FNDA:8,_ZN14DependencyTest8TearDownEv
FNDA:8,_ZN14DependencyTestC2Ev
FNDA:4,_ZN42DependencyTest_CalculatorLogsMultiply_TestC2Ev
FNDA:4,_ZN37DependencyTest_CalculatorLogsAdd_TestC2Ev
FNDA:4,_ZN37DependencyTest_CalculatorLogsAdd_Test8TestBodyEv
FNDA:8,_ZN14DependencyTest5SetUpEv
FNF:7
FNH:7
DA:10,8
DA:11,8
DA:12,8
DA:15,8
DA:16,4
DA:17,4
DA:18,4
DA:20,8
DA:21,4
DA:22,4
DA:23,4
LF:11
LH:11
end_of_record
